<?xml version="1.0" encoding="UTF-8"?>
<robot generator="Robot 7.4.2 (Python 3.14.6 on win32)" generated="2026-07-23T13:43:54.505393" rpa="false" schemaversion="5">
<suite id="s1" name="Contact Test" source="C:\Users\Dell\OneDrive\Documents\INTERNSHIP AND CERTIFICATIONS MUNAZA MUNIR\SQA INTERNSHIP DAFI LABS\MUNAZA MUNIR_SQA_WEEK03\selenium\robot_framework\contact_test.robot">
<test id="s1-t1" name="Contact Form Test" line="9">
<kw name="Open Browser" owner="SeleniumLibrary">
<msg time="2026-07-23T13:43:54.958311" level="INFO">Opening browser 'Chrome' to base url 'http://127.0.0.1:5500/index.html'.</msg>
<arg>${URL}</arg>
<arg>${BROWSER}</arg>
<doc>Opens a new browser instance to the optional ``url``.</doc>
<status status="PASS" start="2026-07-23T13:43:54.957853" elapsed="2.217705"/>
</kw>
<kw name="Maximize Browser Window" owner="SeleniumLibrary">
<doc>Maximizes current browser window.</doc>
<status status="PASS" start="2026-07-23T13:43:57.182010" elapsed="0.102714"/>
</kw>
<kw name="Click Link" owner="SeleniumLibrary">
<msg time="2026-07-23T13:43:57.286945" level="INFO">Clicking link 'Contact'.</msg>
<arg>Contact</arg>
<doc>Clicks a link identified by ``locator``.</doc>
<status status="PASS" start="2026-07-23T13:43:57.285505" elapsed="0.464929"/>
</kw>
<kw name="Input Text" owner="SeleniumLibrary">
<msg time="2026-07-23T13:43:57.764885" level="INFO">Typing text 'Munaza Munir' into text field 'id=name'.</msg>
<arg>id=name</arg>
<arg>Munaza Munir</arg>
<doc>Types the given ``text`` into the text field identified by ``locator``.</doc>
<status status="PASS" start="2026-07-23T13:43:57.763415" elapsed="0.670445"/>
</kw>
<kw name="Input Text" owner="SeleniumLibrary">
<msg time="2026-07-23T13:43:58.435703" level="INFO">Typing text 'munaza@gmail.com' into text field 'id=email'.</msg>
<arg>id=email</arg>
<arg>munaza@gmail.com</arg>
<doc>Types the given ``text`` into the text field identified by ``locator``.</doc>
<status status="PASS" start="2026-07-23T13:43:58.434949" elapsed="0.442377"/>
</kw>
<kw name="Input Text" owner="SeleniumLibrary">
<msg time="2026-07-23T13:43:58.882071" level="INFO">Typing text 'Testing Robot Framework' into text field 'id=message'.</msg>
<arg>id=message</arg>
<arg>Testing Robot Framework</arg>
<doc>Types the given ``text`` into the text field identified by ``locator``.</doc>
<status status="PASS" start="2026-07-23T13:43:58.881554" elapsed="0.403406"/>
</kw>
<kw name="Scroll Element Into View" owner="SeleniumLibrary">
<arg>id=submitBtn</arg>
<doc>Scrolls the element identified by ``locator`` into view.</doc>
<status status="PASS" start="2026-07-23T13:43:59.285898" elapsed="0.373649"/>
</kw>
<kw name="Sleep" owner="BuiltIn">
<msg time="2026-07-23T13:44:00.662295" level="INFO">Slept 1 second.</msg>
<arg>1s</arg>
<doc>Pauses the test executed for the given time.</doc>
<status status="PASS" start="2026-07-23T13:43:59.660543" elapsed="1.001994"/>
</kw>
<kw name="Click Button" owner="SeleniumLibrary">
<msg time="2026-07-23T13:44:00.664051" level="INFO">Clicking button 'id=submitBtn'.</msg>
<arg>id=submitBtn</arg>
<doc>Clicks the button identified by ``locator``.</doc>
<status status="PASS" start="2026-07-23T13:44:00.663419" elapsed="0.198813"/>
</kw>
<kw name="Element Should Be Visible" owner="SeleniumLibrary">
<msg time="2026-07-23T13:44:00.921389" level="INFO">Element 'id=successMessage' is displayed.</msg>
<arg>id=successMessage</arg>
<doc>Verifies that the element identified by ``locator`` is visible.</doc>
<status status="PASS" start="2026-07-23T13:44:00.862976" elapsed="0.058628"/>
</kw>
<kw name="Sleep" owner="BuiltIn">
<msg time="2026-07-23T13:44:03.923603" level="INFO">Slept 3 seconds.</msg>
<arg>3s</arg>
<doc>Pauses the test executed for the given time.</doc>
<status status="PASS" start="2026-07-23T13:44:00.922570" elapsed="3.001291"/>
</kw>
<kw name="Close Browser" owner="SeleniumLibrary">
<doc>Closes the current browser.</doc>
<status status="PASS" start="2026-07-23T13:44:03.924794" elapsed="2.655263"/>
</kw>
<status status="PASS" start="2026-07-23T13:43:54.956275" elapsed="11.624299"/>
</test>
<status status="PASS" start="2026-07-23T13:43:54.509587" elapsed="12.082746"/>
</suite>
<statistics>
<total>
<stat pass="1" fail="0" skip="0">All Tests</stat>
</total>
<tag>
</tag>
<suite>
<stat name="Contact Test" id="s1" pass="1" fail="0" skip="0">Contact Test</stat>
</suite>
</statistics>
<errors>
</errors>
</robot>
